<?xml version="1.0" encoding="UTF-8"?>
<robot generator="Robot 3.1.2 (Python 3.6.5 on win32)" generated="20190915 12:38:00.632" rpa="false">
<suite id="s1" name="Web" source="D:\pythonproject\robotframework\Testcases\web">
<kw name="login" library="myset" type="setup">
<arguments>
<arg>auto</arg>
<arg>sdfsdfsdf</arg>
</arguments>
<kw name="Open Browser" library="SeleniumLibrary">
<doc>Opens a new browser instance to the given ``url``.</doc>
<arguments>
<arg>http://localhost/mgr/login/login.html</arg>
<arg>Firefox</arg>
</arguments>
<msg timestamp="20190915 12:38:00.824" level="INFO">Opening browser 'Firefox' to base url 'http://localhost/mgr/login/login.html'.</msg>
<status status="PASS" starttime="20190915 12:38:00.824" endtime="20190915 12:38:06.362"></status>
</kw>
<kw name="Sleep" library="BuiltIn">
<doc>Pauses the test executed for the given time.</doc>
<arguments>
<arg>2</arg>
</arguments>
<msg timestamp="20190915 12:38:08.365" level="INFO">Slept 2 seconds</msg>
<status status="PASS" starttime="20190915 12:38:06.363" endtime="20190915 12:38:08.365"></status>
</kw>
<kw name="Maximize Browser Window" library="SeleniumLibrary">
<doc>Maximizes current browser window.</doc>
<status status="PASS" starttime="20190915 12:38:08.365" endtime="20190915 12:38:08.683"></status>
</kw>
<kw name="Input Text" library="SeleniumLibrary">
<doc>Types the given ``text`` into text field identified by ``locator``.</doc>
<arguments>
<arg>id=username</arg>
<arg>${username}</arg>
</arguments>
<msg timestamp="20190915 12:38:08.684" level="INFO">Typing text 'auto' into text field 'id=username'.</msg>
<status status="PASS" starttime="20190915 12:38:08.684" endtime="20190915 12:38:08.767"></status>
</kw>
<kw name="Input Text" library="SeleniumLibrary">
<doc>Types the given ``text`` into text field identified by ``locator``.</doc>
<arguments>
<arg>id=password</arg>
<arg>${password}</arg>
</arguments>
<msg timestamp="20190915 12:38:08.767" level="INFO">Typing text 'sdfsdfsdf' into text field 'id=password'.</msg>
<status status="PASS" starttime="20190915 12:38:08.767" endtime="20190915 12:38:08.797"></status>
</kw>
<kw name="Click Button" library="SeleniumLibrary">
<doc>Clicks button identified by ``locator``.</doc>
<arguments>
<arg>tag=button</arg>
</arguments>
<msg timestamp="20190915 12:38:08.797" level="INFO">Clicking button 'tag=button'.</msg>
<status status="PASS" starttime="20190915 12:38:08.797" endtime="20190915 12:38:09.119"></status>
</kw>
<kw name="Sleep" library="BuiltIn">
<doc>Pauses the test executed for the given time.</doc>
<arguments>
<arg>1</arg>
</arguments>
<msg timestamp="20190915 12:38:10.121" level="INFO">Slept 1 second</msg>
<status status="PASS" starttime="20190915 12:38:09.120" endtime="20190915 12:38:10.121"></status>
</kw>
<status status="PASS" starttime="20190915 12:38:00.823" endtime="20190915 12:38:10.122"></status>
</kw>
<suite id="s1-s1" name="Ts1" source="D:\pythonproject\robotframework\Testcases\web\ts1.robot">
<test id="s1-s1-t1" name="用例1-添加课程">
<kw name="deleteinfo" library="myset" type="setup">
<kw name="${i} IN [ range | 9999 ]" type="for">
<kw name="${i} = range" type="foritem">
<kw name="Get WebElements" library="SeleniumLibrary">
<doc>Returns list of WebElement objects matching the ``locator``.</doc>
<arguments>
<arg>css=button[ng-click="delOne(one)"]</arg>
</arguments>
<assign>
<var>${delebuttons}</var>
</assign>
<msg timestamp="20190915 12:38:10.137" level="INFO">${delebuttons} = [&lt;selenium.webdriver.firefox.webelement.FirefoxWebElement (session="b0968a9d-cebc-4ee2-af43-2f4d9171af00", element="6e32d919-2296-4e2d-8a1f-6cfc124c6a6f")&gt;, &lt;selenium.webdriver.firefox.webelement.Fire...</msg>
<status status="PASS" starttime="20190915 12:38:10.133" endtime="20190915 12:38:10.137"></status>
</kw>
<kw name="Log To Console" library="BuiltIn">
<doc>Logs the given message to the console.</doc>
<arguments>
<arg>${delebuttons}</arg>
</arguments>
<status status="PASS" starttime="20190915 12:38:10.137" endtime="20190915 12:38:10.138"></status>
</kw>
<kw name="Exit For Loop If" library="BuiltIn">
<doc>Stops executing the enclosing for loop if the ``condition`` is true.</doc>
<arguments>
<arg>$delebuttons==[]</arg>
</arguments>
<status status="PASS" starttime="20190915 12:38:10.138" endtime="20190915 12:38:10.143"></status>
</kw>
<kw name="Click Element" library="SeleniumLibrary">
<doc>Click element identified by ``locator``.</doc>
<arguments>
<arg>${delebuttons}[0]</arg>
</arguments>
<msg timestamp="20190915 12:38:10.143" level="INFO">Clicking element '&lt;selenium.webdriver.firefox.webelement.FirefoxWebElement (session="b0968a9d-cebc-4ee2-af43-2f4d9171af00", element="6e32d919-2296-4e2d-8a1f-6cfc124c6a6f")&gt;'.</msg>
<status status="PASS" starttime="20190915 12:38:10.143" endtime="20190915 12:38:10.365"></status>
</kw>
<kw name="Click Element" library="SeleniumLibrary">
<doc>Click element identified by ``locator``.</doc>
<arguments>
<arg>class=btn-primary</arg>
</arguments>
<msg timestamp="20190915 12:38:10.366" level="INFO">Clicking element 'class=btn-primary'.</msg>
<status status="PASS" starttime="20190915 12:38:10.365" endtime="20190915 12:38:10.581"></status>
</kw>
<kw name="Sleep" library="BuiltIn">
<doc>Pauses the test executed for the given time.</doc>
<arguments>
<arg>2</arg>
</arguments>
<msg timestamp="20190915 12:38:12.582" level="INFO">Slept 2 seconds</msg>
<status status="PASS" starttime="20190915 12:38:10.582" endtime="20190915 12:38:12.582"></status>
</kw>
<status status="PASS" starttime="20190915 12:38:10.133" endtime="20190915 12:38:12.582"></status>
</kw>
<kw name="${i} = 9999" type="foritem">
<kw name="Get WebElements" library="SeleniumLibrary">
<doc>Returns list of WebElement objects matching the ``locator``.</doc>
<arguments>
<arg>css=button[ng-click="delOne(one)"]</arg>
</arguments>
<assign>
<var>${delebuttons}</var>
</assign>
<msg timestamp="20190915 12:38:12.597" level="INFO">${delebuttons} = [&lt;selenium.webdriver.firefox.webelement.FirefoxWebElement (session="b0968a9d-cebc-4ee2-af43-2f4d9171af00", element="3743a01e-cdc1-40cf-a506-b45bddb7bf29")&gt;, &lt;selenium.webdriver.firefox.webelement.Fire...</msg>
<status status="PASS" starttime="20190915 12:38:12.583" endtime="20190915 12:38:12.597"></status>
</kw>
<kw name="Log To Console" library="BuiltIn">
<doc>Logs the given message to the console.</doc>
<arguments>
<arg>${delebuttons}</arg>
</arguments>
<status status="PASS" starttime="20190915 12:38:12.597" endtime="20190915 12:38:12.598"></status>
</kw>
<kw name="Exit For Loop If" library="BuiltIn">
<doc>Stops executing the enclosing for loop if the ``condition`` is true.</doc>
<arguments>
<arg>$delebuttons==[]</arg>
</arguments>
<status status="PASS" starttime="20190915 12:38:12.599" endtime="20190915 12:38:12.601"></status>
</kw>
<kw name="Click Element" library="SeleniumLibrary">
<doc>Click element identified by ``locator``.</doc>
<arguments>
<arg>${delebuttons}[0]</arg>
</arguments>
<msg timestamp="20190915 12:38:12.601" level="INFO">Clicking element '&lt;selenium.webdriver.firefox.webelement.FirefoxWebElement (session="b0968a9d-cebc-4ee2-af43-2f4d9171af00", element="3743a01e-cdc1-40cf-a506-b45bddb7bf29")&gt;'.</msg>
<status status="PASS" starttime="20190915 12:38:12.601" endtime="20190915 12:38:12.817"></status>
</kw>
<kw name="Click Element" library="SeleniumLibrary">
<doc>Click element identified by ``locator``.</doc>
<arguments>
<arg>class=btn-primary</arg>
</arguments>
<msg timestamp="20190915 12:38:12.817" level="INFO">Clicking element 'class=btn-primary'.</msg>
<status status="PASS" starttime="20190915 12:38:12.817" endtime="20190915 12:38:13.040"></status>
</kw>
<kw name="Sleep" library="BuiltIn">
<doc>Pauses the test executed for the given time.</doc>
<arguments>
<arg>2</arg>
</arguments>
<msg timestamp="20190915 12:38:15.042" level="INFO">Slept 2 seconds</msg>
<status status="PASS" starttime="20190915 12:38:13.040" endtime="20190915 12:38:15.043"></status>
</kw>
<status status="PASS" starttime="20190915 12:38:12.582" endtime="20190915 12:38:15.043"></status>
</kw>
<status status="PASS" starttime="20190915 12:38:10.133" endtime="20190915 12:38:15.043"></status>
</kw>
<status status="PASS" starttime="20190915 12:38:10.133" endtime="20190915 12:38:15.044"></status>
</kw>
<kw name="addcourse" library="myset">
<arguments>
<arg>语文</arg>
<arg>描述</arg>
<arg>1</arg>
</arguments>
<kw name="Click Element" library="SeleniumLibrary">
<doc>Click element identified by ``locator``.</doc>
<arguments>
<arg>css=button[ng-click="showAddOne=true"]</arg>
</arguments>
<msg timestamp="20190915 12:38:15.047" level="INFO">Clicking element 'css=button[ng-click="showAddOne=true"]'.</msg>
<status status="PASS" starttime="20190915 12:38:15.046" endtime="20190915 12:38:15.308"></status>
</kw>
<kw name="Sleep" library="BuiltIn">
<doc>Pauses the test executed for the given time.</doc>
<arguments>
<arg>1</arg>
</arguments>
<msg timestamp="20190915 12:38:16.309" level="INFO">Slept 1 second</msg>
<status status="PASS" starttime="20190915 12:38:15.308" endtime="20190915 12:38:16.309"></status>
</kw>
<kw name="Input Text" library="SeleniumLibrary">
<doc>Types the given ``text`` into text field identified by ``locator``.</doc>
<arguments>
<arg>css=*[ng-model="addData.name"]</arg>
<arg>${coursename}</arg>
</arguments>
<msg timestamp="20190915 12:38:16.309" level="INFO">Typing text '语文' into text field 'css=*[ng-model="addData.name"]'.</msg>
<status status="PASS" starttime="20190915 12:38:16.309" endtime="20190915 12:38:16.336"></status>
</kw>
<kw name="Input Text" library="SeleniumLibrary">
<doc>Types the given ``text`` into text field identified by ``locator``.</doc>
<arguments>
<arg>css=*[ng-model="addData.desc"]</arg>
<arg>${coursedescription}</arg>
</arguments>
<msg timestamp="20190915 12:38:16.336" level="INFO">Typing text '描述' into text field 'css=*[ng-model="addData.desc"]'.</msg>
<status status="PASS" starttime="20190915 12:38:16.336" endtime="20190915 12:38:16.362"></status>
</kw>
<kw name="Input Text" library="SeleniumLibrary">
<doc>Types the given ``text`` into text field identified by ``locator``.</doc>
<arguments>
<arg>css=*[ng-model="addData.display_idx"]</arg>
<arg>${rank}</arg>
</arguments>
<msg timestamp="20190915 12:38:16.363" level="INFO">Typing text '1' into text field 'css=*[ng-model="addData.display_idx"]'.</msg>
<status status="PASS" starttime="20190915 12:38:16.362" endtime="20190915 12:38:16.393"></status>
</kw>
<kw name="Click Element" library="SeleniumLibrary">
<doc>Click element identified by ``locator``.</doc>
<arguments>
<arg>css=button[ng-click="addOne()"]</arg>
</arguments>
<msg timestamp="20190915 12:38:16.393" level="INFO">Clicking element 'css=button[ng-click="addOne()"]'.</msg>
<status status="PASS" starttime="20190915 12:38:16.393" endtime="20190915 12:38:16.615"></status>
</kw>
<kw name="Sleep" library="BuiltIn">
<doc>Pauses the test executed for the given time.</doc>
<arguments>
<arg>2</arg>
</arguments>
<msg timestamp="20190915 12:38:18.617" level="INFO">Slept 2 seconds</msg>
<status status="PASS" starttime="20190915 12:38:16.615" endtime="20190915 12:38:18.617"></status>
</kw>
<status status="PASS" starttime="20190915 12:38:15.045" endtime="20190915 12:38:18.618"></status>
</kw>
<kw name="Sleep" library="BuiltIn">
<doc>Pauses the test executed for the given time.</doc>
<arguments>
<arg>2</arg>
</arguments>
<msg timestamp="20190915 12:38:20.621" level="INFO">Slept 2 seconds</msg>
<status status="PASS" starttime="20190915 12:38:18.620" endtime="20190915 12:38:20.621"></status>
</kw>
<kw name="addcourse" library="myset">
<arguments>
<arg>外语</arg>
<arg>描述2</arg>
<arg>2</arg>
</arguments>
<kw name="Click Element" library="SeleniumLibrary">
<doc>Click element identified by ``locator``.</doc>
<arguments>
<arg>css=button[ng-click="showAddOne=true"]</arg>
</arguments>
<msg timestamp="20190915 12:38:20.625" level="INFO">Clicking element 'css=button[ng-click="showAddOne=true"]'.</msg>
<kw name="Capture Page Screenshot" library="SeleniumLibrary">
<doc>Takes screenshot of the current page and embeds it into log file.</doc>
<msg timestamp="20190915 12:38:20.733" level="FAIL">InvalidSessionIdException: Message: Tried to run command without establishing a connection
</msg>
<status status="FAIL" starttime="20190915 12:38:20.727" endtime="20190915 12:38:20.733"></status>
</kw>
<msg timestamp="20190915 12:38:20.733" level="WARN">Keyword 'Capture Page Screenshot' could not be run on failure: InvalidSessionIdException: Message: Tried to run command without establishing a connection
</msg>
<msg timestamp="20190915 12:38:20.737" level="FAIL">WebDriverException: Message: Failed to decode response from marionette
</msg>
<status status="FAIL" starttime="20190915 12:38:20.624" endtime="20190915 12:38:20.737"></status>
</kw>
<status status="FAIL" starttime="20190915 12:38:20.623" endtime="20190915 12:38:20.738"></status>
</kw>
<status status="FAIL" starttime="20190915 12:38:10.132" endtime="20190915 12:38:20.738" critical="yes">WebDriverException: Message: Failed to decode response from marionette
</status>
</test>
<test id="s1-s1-t2" name="用例2-添加老师">
<kw name="deleteacher" library="myset">
<kw name="Click Element" library="SeleniumLibrary">
<doc>Click element identified by ``locator``.</doc>
<arguments>
<arg>link=老师</arg>
</arguments>
<msg timestamp="20190915 12:38:20.742" level="INFO">Clicking element 'link=老师'.</msg>
<kw name="Capture Page Screenshot" library="SeleniumLibrary">
<doc>Takes screenshot of the current page and embeds it into log file.</doc>
<msg timestamp="20190915 12:38:20.745" level="FAIL">InvalidSessionIdException: Message: Tried to run command without establishing a connection
</msg>
<status status="FAIL" starttime="20190915 12:38:20.743" endtime="20190915 12:38:20.745"></status>
</kw>
<msg timestamp="20190915 12:38:20.745" level="WARN">Keyword 'Capture Page Screenshot' could not be run on failure: InvalidSessionIdException: Message: Tried to run command without establishing a connection
</msg>
<msg timestamp="20190915 12:38:20.749" level="FAIL">InvalidSessionIdException: Message: Tried to run command without establishing a connection
</msg>
<status status="FAIL" starttime="20190915 12:38:20.742" endtime="20190915 12:38:20.750"></status>
</kw>
<status status="FAIL" starttime="20190915 12:38:20.741" endtime="20190915 12:38:20.750"></status>
</kw>
<status status="FAIL" starttime="20190915 12:38:20.740" endtime="20190915 12:38:20.750" critical="yes">InvalidSessionIdException: Message: Tried to run command without establishing a connection
</status>
</test>
<test id="s1-s1-t3" name="用例3--返回老师列表">
<kw name="getteacherlist" library="myset">
<assign>
<var>${tealist}</var>
</assign>
<kw name="Click Element" library="SeleniumLibrary">
<doc>Click element identified by ``locator``.</doc>
<arguments>
<arg>link=老师</arg>
</arguments>
<msg timestamp="20190915 12:38:20.754" level="INFO">Clicking element 'link=老师'.</msg>
<kw name="Capture Page Screenshot" library="SeleniumLibrary">
<doc>Takes screenshot of the current page and embeds it into log file.</doc>
<msg timestamp="20190915 12:38:20.757" level="FAIL">InvalidSessionIdException: Message: Tried to run command without establishing a connection
</msg>
<status status="FAIL" starttime="20190915 12:38:20.755" endtime="20190915 12:38:20.757"></status>
</kw>
<msg timestamp="20190915 12:38:20.757" level="WARN">Keyword 'Capture Page Screenshot' could not be run on failure: InvalidSessionIdException: Message: Tried to run command without establishing a connection
</msg>
<msg timestamp="20190915 12:38:20.759" level="FAIL">InvalidSessionIdException: Message: Tried to run command without establishing a connection
</msg>
<status status="FAIL" starttime="20190915 12:38:20.753" endtime="20190915 12:38:20.759"></status>
</kw>
<status status="FAIL" starttime="20190915 12:38:20.753" endtime="20190915 12:38:20.759"></status>
</kw>
<status status="FAIL" starttime="20190915 12:38:20.752" endtime="20190915 12:38:20.759" critical="yes">InvalidSessionIdException: Message: Tried to run command without establishing a connection
</status>
</test>
<status status="FAIL" starttime="20190915 12:38:10.122" endtime="20190915 12:38:20.762"></status>
</suite>
<kw name="closetest" library="myset" type="teardown">
<kw name="Close Window" library="SeleniumLibrary">
<doc>Closes currently opened pop-up window.</doc>
<kw name="Capture Page Screenshot" library="SeleniumLibrary">
<doc>Takes screenshot of the current page and embeds it into log file.</doc>
<msg timestamp="20190915 12:38:20.771" level="FAIL">InvalidSessionIdException: Message: Tried to run command without establishing a connection
</msg>
<status status="FAIL" starttime="20190915 12:38:20.768" endtime="20190915 12:38:20.771"></status>
</kw>
<msg timestamp="20190915 12:38:20.771" level="WARN">Keyword 'Capture Page Screenshot' could not be run on failure: InvalidSessionIdException: Message: Tried to run command without establishing a connection
</msg>
<msg timestamp="20190915 12:38:20.773" level="FAIL">InvalidSessionIdException: Message: Tried to run command without establishing a connection
</msg>
<status status="FAIL" starttime="20190915 12:38:20.767" endtime="20190915 12:38:20.773"></status>
</kw>
<status status="FAIL" starttime="20190915 12:38:20.767" endtime="20190915 12:38:20.773">InvalidSessionIdException: Message: Tried to run command without establishing a connection
</status>
</kw>
<status status="FAIL" starttime="20190915 12:38:00.633" endtime="20190915 12:38:20.774">Suite teardown failed:
InvalidSessionIdException: Message: Tried to run command without establishing a connection
</status>
</suite>
<statistics>
<total>
<stat pass="0" fail="3">Critical Tests</stat>
<stat pass="0" fail="3">All Tests</stat>
</total>
<tag>
</tag>
<suite>
<stat pass="0" fail="3" id="s1" name="Web">Web</stat>
<stat pass="0" fail="3" id="s1-s1" name="Ts1">Web.Ts1</stat>
</suite>
</statistics>
<errors>
<msg timestamp="20190915 12:38:20.733" level="WARN">Keyword 'Capture Page Screenshot' could not be run on failure: InvalidSessionIdException: Message: Tried to run command without establishing a connection
</msg>
<msg timestamp="20190915 12:38:20.745" level="WARN">Keyword 'Capture Page Screenshot' could not be run on failure: InvalidSessionIdException: Message: Tried to run command without establishing a connection
</msg>
<msg timestamp="20190915 12:38:20.757" level="WARN">Keyword 'Capture Page Screenshot' could not be run on failure: InvalidSessionIdException: Message: Tried to run command without establishing a connection
</msg>
<msg timestamp="20190915 12:38:20.771" level="WARN">Keyword 'Capture Page Screenshot' could not be run on failure: InvalidSessionIdException: Message: Tried to run command without establishing a connection
</msg>
</errors>
</robot>
