<?xml version="1.0" encoding="UTF-8"?>
<robot generator="Robot 3.1.2 (Python 3.6.5 on win32)" generated="20190915 10:05:25.677" rpa="false">
<suite id="s1" name="Ts1" source="D:\pythonproject\robotframework\Testcases\ts1.robot">
<kw name="login" type="setup">
<arguments>
<arg>auto</arg>
<arg>sdfsdfsdf</arg>
</arguments>
<msg timestamp="20190915 10:05:25.872" level="FAIL">No keyword with name 'login' found. Did you mean:
    BuiltIn.Log</msg>
<status status="FAIL" starttime="20190915 10:05:25.872" endtime="20190915 10:05:25.872"></status>
</kw>
<test id="s1-t1" name="用例1-添加课程">
<status status="FAIL" starttime="20190915 10:05:25.872" endtime="20190915 10:05:25.873" critical="yes">Parent suite setup failed:
No keyword with name 'login' found. Did you mean:
    BuiltIn.Log</status>
</test>
<test id="s1-t2" name="用例2-添加老师">
<status status="FAIL" starttime="20190915 10:05:25.875" endtime="20190915 10:05:25.877" critical="yes">Parent suite setup failed:
No keyword with name 'login' found. Did you mean:
    BuiltIn.Log</status>
</test>
<kw name="closetest" type="teardown">
<msg timestamp="20190915 10:05:25.883" level="FAIL">No keyword with name 'closetest' found.</msg>
<status status="FAIL" starttime="20190915 10:05:25.883" endtime="20190915 10:05:25.883">No keyword with name 'closetest' found.</status>
</kw>
<status status="FAIL" starttime="20190915 10:05:25.678" endtime="20190915 10:05:25.883">Suite setup failed:
No keyword with name 'login' found. Did you mean:
    BuiltIn.Log

Also suite teardown failed:
No keyword with name 'closetest' found.</status>
</suite>
<statistics>
<total>
<stat pass="0" fail="2">Critical Tests</stat>
<stat pass="0" fail="2">All Tests</stat>
</total>
<tag>
</tag>
<suite>
<stat pass="0" fail="2" id="s1" name="Ts1">Ts1</stat>
</suite>
</statistics>
<errors>
<msg timestamp="20190915 10:05:25.866" level="ERROR">Error in file 'D:\pythonproject\robotframework\Testcases\ts1.robot': Resource file 'set\myset.robot' does not exist.</msg>
</errors>
</robot>
