<?xml version="1.0" encoding="UTF-8"?>
<robot generator="Robot 3.1.2 (Python 3.6.5 on win32)" generated="20191217 20:20:40.769" rpa="false">
<suite id="s1" name="Tc" source="D:\pythonproject\spj(开始作业五)\spj\tc">
<kw name="Run Keywords" library="BuiltIn" type="setup">
<doc>Executes all the given keywords in a sequence.</doc>
<arguments>
<arg>delete all teacher</arg>
<arg>AND</arg>
<arg>delete all student</arg>
<arg>AND</arg>
<arg>delete all school classes</arg>
</arguments>
<kw name="delete all teacher">
<msg timestamp="20191217 20:20:40.800" level="FAIL">No keyword with name 'delete all teacher' found.</msg>
<status status="FAIL" starttime="20191217 20:20:40.800" endtime="20191217 20:20:40.800"></status>
</kw>
<status status="FAIL" starttime="20191217 20:20:40.798" endtime="20191217 20:20:40.800"></status>
</kw>
<suite id="s1-s1" name="D-Class0701" source="D:\pythonproject\spj(开始作业五)\spj\tc\d-class0701">
<suite id="s1-s1-s1" name="D-7年级1班-吴老师" source="D:\pythonproject\spj(开始作业五)\spj\tc\d-class0701\d-7年级1班-吴老师">
<suite id="s1-s1-s1-s1" name="D-7年级1班-吴老师-张同学" source="D:\pythonproject\spj(开始作业五)\spj\tc\d-class0701\d-7年级1班-吴老师\d-7年级1班-吴老师-张同学">
<suite id="s1-s1-s1-s1-s1" name="学生管理02" source="D:\pythonproject\spj(开始作业五)\spj\tc\d-class0701\d-7年级1班-吴老师\d-7年级1班-吴老师-张同学\学生管理02.robot">
<test id="s1-s1-s1-s1-s1-t1" name="添加学生2 - tc002002">
<status status="FAIL" starttime="20191217 20:20:40.810" endtime="20191217 20:20:40.811" critical="yes">Parent suite setup failed:
No keyword with name 'delete all teacher' found.</status>
</test>
<status status="FAIL" starttime="20191217 20:20:40.807" endtime="20191217 20:20:40.813">Parent suite setup failed:
No keyword with name 'delete all teacher' found.</status>
</suite>
<status status="FAIL" starttime="20191217 20:20:40.802" endtime="20191217 20:20:40.819">Parent suite setup failed:
No keyword with name 'delete all teacher' found.</status>
</suite>
<suite id="s1-s1-s1-s2" name="学生管理01" source="D:\pythonproject\spj(开始作业五)\spj\tc\d-class0701\d-7年级1班-吴老师\学生管理01.robot">
<test id="s1-s1-s1-s2-t1" name="添加学生1 - tc002001">
<status status="FAIL" starttime="20191217 20:20:40.827" endtime="20191217 20:20:40.829" critical="yes">Parent suite setup failed:
No keyword with name 'delete all teacher' found.</status>
</test>
<status status="FAIL" starttime="20191217 20:20:40.823" endtime="20191217 20:20:40.830">Parent suite setup failed:
No keyword with name 'delete all teacher' found.</status>
</suite>
<suite id="s1-s1-s1-s3" name="老师管理01" source="D:\pythonproject\spj(开始作业五)\spj\tc\d-class0701\d-7年级1班-吴老师\老师管理01.robot">
<test id="s1-s1-s1-s3-t1" name="添加老师2 - tc001002">
<status status="FAIL" starttime="20191217 20:20:40.834" endtime="20191217 20:20:40.836" critical="yes">Parent suite setup failed:
No keyword with name 'delete all teacher' found.</status>
</test>
<status status="FAIL" starttime="20191217 20:20:40.833" endtime="20191217 20:20:40.838">Parent suite setup failed:
No keyword with name 'delete all teacher' found.</status>
</suite>
<status status="FAIL" starttime="20191217 20:20:40.801" endtime="20191217 20:20:40.841">Parent suite setup failed:
No keyword with name 'delete all teacher' found.</status>
</suite>
<suite id="s1-s1-s2" name="班级管理" source="D:\pythonproject\spj(开始作业五)\spj\tc\d-class0701\班级管理.robot">
<test id="s1-s1-s2-t1" name="修改班级1 - tc000051">
<status status="FAIL" starttime="20191217 20:20:40.847" endtime="20191217 20:20:40.848" critical="yes">Parent suite setup failed:
No keyword with name 'delete all teacher' found.</status>
</test>
<test id="s1-s1-s2-t2" name="修改班级2 - tc000052">
<status status="FAIL" starttime="20191217 20:20:40.849" endtime="20191217 20:20:40.850" critical="yes">Parent suite setup failed:
No keyword with name 'delete all teacher' found.</status>
</test>
<test id="s1-s1-s2-t3" name="修改班级3 - tc000053">
<status status="FAIL" starttime="20191217 20:20:40.851" endtime="20191217 20:20:40.851" critical="yes">Parent suite setup failed:
No keyword with name 'delete all teacher' found.</status>
</test>
<test id="s1-s1-s2-t4" name="删除班级1 - tc000081">
<status status="FAIL" starttime="20191217 20:20:40.852" endtime="20191217 20:20:40.853" critical="yes">Parent suite setup failed:
No keyword with name 'delete all teacher' found.</status>
</test>
<test id="s1-s1-s2-t5" name="删除班级2 - tc000082">
<status status="FAIL" starttime="20191217 20:20:40.854" endtime="20191217 20:20:40.857" critical="yes">Parent suite setup failed:
No keyword with name 'delete all teacher' found.</status>
</test>
<status status="FAIL" starttime="20191217 20:20:40.844" endtime="20191217 20:20:40.860">Parent suite setup failed:
No keyword with name 'delete all teacher' found.</status>
</suite>
<suite id="s1-s1-s3" name="老师管理" source="D:\pythonproject\spj(开始作业五)\spj\tc\d-class0701\老师管理.robot">
<test id="s1-s1-s3-t1" name="增加老师 - tc001001">
<status status="FAIL" starttime="20191217 20:20:40.863" endtime="20191217 20:20:40.864" critical="yes">Parent suite setup failed:
No keyword with name 'delete all teacher' found.</status>
</test>
<status status="FAIL" starttime="20191217 20:20:40.862" endtime="20191217 20:20:40.865">Parent suite setup failed:
No keyword with name 'delete all teacher' found.</status>
</suite>
<status status="FAIL" starttime="20191217 20:20:40.800" endtime="20191217 20:20:40.869">Parent suite setup failed:
No keyword with name 'delete all teacher' found.</status>
</suite>
<status status="FAIL" starttime="20191217 20:20:40.771" endtime="20191217 20:20:40.871">Suite setup failed:
No keyword with name 'delete all teacher' found.</status>
</suite>
<statistics>
<total>
<stat pass="0" fail="9">Critical Tests</stat>
<stat pass="0" fail="9">All Tests</stat>
</total>
<tag>
</tag>
<suite>
<stat pass="0" fail="9" id="s1" name="Tc">Tc</stat>
<stat pass="0" fail="9" id="s1-s1" name="D-Class0701">Tc.D-Class0701</stat>
<stat pass="0" fail="3" id="s1-s1-s1" name="D-7年级1班-吴老师">Tc.D-Class0701.D-7年级1班-吴老师</stat>
<stat pass="0" fail="1" id="s1-s1-s1-s1" name="D-7年级1班-吴老师-张同学">Tc.D-Class0701.D-7年级1班-吴老师.D-7年级1班-吴老师-张同学</stat>
<stat pass="0" fail="1" id="s1-s1-s1-s1-s1" name="学生管理02">Tc.D-Class0701.D-7年级1班-吴老师.D-7年级1班-吴老师-张同学.学生管理02</stat>
<stat pass="0" fail="1" id="s1-s1-s1-s2" name="学生管理01">Tc.D-Class0701.D-7年级1班-吴老师.学生管理01</stat>
<stat pass="0" fail="1" id="s1-s1-s1-s3" name="老师管理01">Tc.D-Class0701.D-7年级1班-吴老师.老师管理01</stat>
<stat pass="0" fail="5" id="s1-s1-s2" name="班级管理">Tc.D-Class0701.班级管理</stat>
<stat pass="0" fail="1" id="s1-s1-s3" name="老师管理">Tc.D-Class0701.老师管理</stat>
</suite>
</statistics>
<errors>
<msg timestamp="20191217 20:20:40.794" level="ERROR">Error in file 'D:\pythonproject\spj(开始作业五)\spj\tc': Importing test library 'D:\pythonproject\spj(开始作业五)\spj\pylib\SchoolClassLib.py' failed: ValueError: source code string cannot contain null bytes
Traceback (most recent call last):
  None
PYTHONPATH:
  D:\pythonproject\spj(开始作业五)\spj
  D:\python\Scripts\robot.exe
  d:\python\python36.zip
  d:\python\DLLs
  d:\python\lib
  d:\python
  d:\python\lib\site-packages
  d:\python\lib\site-packages\win32
  d:\python\lib\site-packages\win32\lib
  d:\python\lib\site-packages\Pythonwin</msg>
<msg timestamp="20191217 20:20:40.795" level="ERROR">Error in file 'D:\pythonproject\spj(开始作业五)\spj\tc': Importing test library 'D:\pythonproject\spj(开始作业五)\spj\pylib\TeacherClassLib.py' failed: ValueError: source code string cannot contain null bytes
Traceback (most recent call last):
  None
PYTHONPATH:
  D:\pythonproject\spj(开始作业五)\spj
  D:\python\Scripts\robot.exe
  d:\python\python36.zip
  d:\python\DLLs
  d:\python\lib
  d:\python
  d:\python\lib\site-packages
  d:\python\lib\site-packages\win32
  d:\python\lib\site-packages\win32\lib
  d:\python\lib\site-packages\Pythonwin</msg>
<msg timestamp="20191217 20:20:40.797" level="ERROR">Error in file 'D:\pythonproject\spj(开始作业五)\spj\tc': Importing test library 'D:\pythonproject\spj(开始作业五)\spj\pylib\StudentLib.py' failed: ValueError: source code string cannot contain null bytes
Traceback (most recent call last):
  None
PYTHONPATH:
  D:\pythonproject\spj(开始作业五)\spj
  D:\python\Scripts\robot.exe
  d:\python\python36.zip
  d:\python\DLLs
  d:\python\lib
  d:\python
  d:\python\lib\site-packages
  d:\python\lib\site-packages\win32
  d:\python\lib\site-packages\win32\lib
  d:\python\lib\site-packages\Pythonwin</msg>
</errors>
</robot>
